Arguments: 
  /home/dimasmaulana/.nvm/versions/node/v14.21.0/bin/node /usr/bin/yarn init

PATH: 
  /home/dimasmaulana/.nvm/versions/node/v14.21.0/bin:/root/.deno/bin:/home/dimasmaulana/.cargo/bin:/usr/local/bin:/usr/bin:/var/lib/snapd/snap/bin:/usr/local/sbin:/usr/lib/jvm/default/bin:/usr/bin/site_perl:/usr/bin/vendor_perl:/usr/bin/core_perl:/home/dimasmaulana/Android/Sdk/emulator:/home/dimasmaulana/Android/Sdk/platform-tools:/home/dimasmaulana/.config/composer/vendor/bin

Yarn version: 
  1.22.19

Node version: 
  14.21.0

Platform: 
  linux x64

Trace: 
  Error: canceled
      at Interface.<anonymous> (/usr/lib/node_modules/yarn/lib/cli.js:137150:13)
      at Interface.emit (events.js:400:28)
      at Interface._ttyWrite (readline.js:1001:16)
      at ReadStream.onkeypress (readline.js:265:10)
      at ReadStream.emit (events.js:400:28)
      at emitKeys (internal/readline/utils.js:358:14)
      at emitKeys.next (<anonymous>)
      at ReadStream.onData (readline.js:1270:36)
      at ReadStream.emit (events.js:400:28)
      at addChunk (internal/streams/readable.js:293:12)

npm manifest: 
  No manifest

yarn manifest: 
  No manifest

Lockfile: 
  No lockfile
